<?xml version="1.0" encoding="UTF-8"?>
<coverage generated="1643571969782" clover="3.2.0">
  <project timestamp="1643571969782" name="All files">
    <metrics statements="12" coveredstatements="12" conditionals="0" coveredconditionals="0" methods="1" coveredmethods="1" elements="13" coveredelements="13" complexity="0" loc="12" ncloc="12" packages="1" files="1" classes="1"/>
    <file name="chordGenerator.js" path="/Users/dennisonwright/projects/chordMachine/backend/src/chordGenerator.js">
      <metrics statements="12" coveredstatements="12" conditionals="0" coveredconditionals="0" methods="1" coveredmethods="1"/>
      <line num="1" count="1" type="stmt"/>
      <line num="18" count="1" type="stmt"/>
      <line num="24" count="1" type="stmt"/>
      <line num="30" count="1" type="stmt"/>
      <line num="37" count="1" type="stmt"/>
      <line num="44" count="1" type="stmt"/>
      <line num="53" count="1" type="stmt"/>
      <line num="54" count="6" type="stmt"/>
      <line num="56" count="6" type="stmt"/>
      <line num="57" count="12" type="stmt"/>
      <line num="59" count="6" type="stmt"/>
      <line num="60" count="6" type="stmt"/>
    </file>
  </project>
</coverage>
