{"/Users/dennisonwright/projects/chordMachine/backend/src/chordGenerator.js": {"path":"/Users/dennisonwright/projects/chordMachine/backend/src/chordGenerator.js","statementMap":{"0":{"start":{"line":1,"column":18},"end":{"line":16,"column":1}},"1":{"start":{"line":18,"column":19},"end":{"line":22,"column":1}},"2":{"start":{"line":24,"column":19},"end":{"line":28,"column":1}},"3":{"start":{"line":30,"column":21},"end":{"line":35,"column":1}},"4":{"start":{"line":37,"column":21},"end":{"line":42,"column":1}},"5":{"start":{"line":44,"column":18},"end":{"line":49,"column":1}},"6":{"start":{"line":53,"column":21},"end":{"line":61,"column":1}},"7":{"start":{"line":54,"column":17},"end":{"line":54,"column":36}},"8":{"start":{"line":56,"column":4},"end":{"line":58,"column":5}},"9":{"start":{"line":57,"column":8},"end":{"line":57,"column":38}},"10":{"start":{"line":59,"column":4},"end":{"line":59,"column":23}},"11":{"start":{"line":60,"column":4},"end":{"line":60,"column":17}}},"fnMap":{"0":{"name":"(anonymous_0)","decl":{"start":{"line":53,"column":21},"end":{"line":53,"column":22}},"loc":{"start":{"line":53,"column":48},"end":{"line":61,"column":1}},"line":53}},"branchMap":{},"s":{"0":1,"1":1,"2":1,"3":1,"4":1,"5":1,"6":1,"7":6,"8":6,"9":12,"10":6,"11":6},"f":{"0":6},"b":{},"_coverageSchema":"1a1c01bbd47fc00a2c39e90264f33305004495a9","hash":"5cb9548d475ab60635e64d3470e3f24402ea4311"}
}
